<?xml version="1.0" encoding="UTF-8"?>
<!-- Generated by org.testng.reporters.JUnitXMLReporter -->
<testsuite ignored="0" hostname="Tanu" failures="0" tests="2" name="AccountPageTest" time="27.513" errors="0" timestamp="2024-06-04T18:32:49 IST">
  <testcase classname="com.nextWave.MoviesAppTestCases.AccountPageTest" name="testAccountPageUI" time="0.474"/>
  <testcase classname="com.nextWave.MoviesAppTestCases.AccountPageTest" name="testLogoutFunctionality" time="0.102"/>
</testsuite> <!-- AccountPageTest -->
