<?xml version="1.0" encoding="UTF-8"?>
<!-- Generated by org.testng.reporters.JUnitXMLReporter -->
<testsuite ignored="0" hostname="Tanu" failures="0" tests="2" name="HeaderSectionTest" time="49.486" errors="0" timestamp="2024-06-04T18:32:21 IST">
  <testcase classname="com.nextWave.MoviesAppTestCases.HeaderSectionTest" name="testHeaderSectionUI" time="2.932"/>
  <testcase classname="com.nextWave.MoviesAppTestCases.HeaderSectionTest" name="testHeaderSectionFunctionality" time="0.0">
    <skipped/>
  </testcase> <!-- testHeaderSectionFunctionality -->
</testsuite> <!-- HeaderSectionTest -->
