<?xml version="1.0" encoding="UTF-8"?>
<!-- Generated by org.testng.reporters.JUnitXMLReporter -->
<testsuite ignored="0" hostname="Tanu" failures="0" tests="7" name="HomePageTest" time="44.188" errors="0" timestamp="2024-06-04T18:32:16 IST">
  <testcase classname="com.nextWave.MoviesAppTestCases.HomePageTest" name="testHeadingTextOfEachSection" time="2.891"/>
  <testcase classname="com.nextWave.MoviesAppTestCases.HomePageTest" name="testPlayBtnIsDisplayed" time="0.0">
    <skipped/>
  </testcase> <!-- testPlayBtnIsDisplayed -->
  <testcase classname="com.nextWave.MoviesAppTestCases.HomePageTest" name="testTrendingNowMoviesAreDisplayed" time="0.0">
    <skipped/>
  </testcase> <!-- testTrendingNowMoviesAreDisplayed -->
  <testcase classname="com.nextWave.MoviesAppTestCases.HomePageTest" name="testCountOfTrendingNowMovies" time="0.0">
    <skipped/>
  </testcase> <!-- testCountOfTrendingNowMovies -->
  <testcase classname="com.nextWave.MoviesAppTestCases.HomePageTest" name="testOriginalsMoviesAreDisplayed" time="0.0">
    <skipped/>
  </testcase> <!-- testOriginalsMoviesAreDisplayed -->
  <testcase classname="com.nextWave.MoviesAppTestCases.HomePageTest" name="testCountOfOriginalsMovies" time="0.0">
    <skipped/>
  </testcase> <!-- testCountOfOriginalsMovies -->
  <testcase classname="com.nextWave.MoviesAppTestCases.HomePageTest" name="testContactUsSection" time="0.0">
    <skipped/>
  </testcase> <!-- testContactUsSection -->
</testsuite> <!-- HomePageTest -->
