<?xml version="1.0" encoding="UTF-8"?>
<!-- Generated by org.testng.reporters.JUnitXMLReporter -->
<testsuite ignored="0" hostname="Tanu" failures="0" tests="2" name="MovieDetailsPageTest" time="56.657" errors="0" timestamp="2024-06-04T18:32:28 IST">
  <testcase classname="com.nextWave.MoviesAppTestCases.MovieDetailsPageTest" name="testTrendingNowMoviesPage" time="2.555"/>
  <testcase classname="com.nextWave.MoviesAppTestCases.MovieDetailsPageTest" name="testOriginalsMoviePage" time="2.427"/>
</testsuite> <!-- MovieDetailsPageTest -->
