<?xml version="1.0" encoding="UTF-8"?>
<!-- Generated by org.testng.reporters.JUnitXMLReporter -->
<testsuite ignored="0" hostname="Tanu" failures="0" tests="2" name="PopularPageTest" time="57.846" errors="0" timestamp="2024-06-04T18:32:29 IST">
  <testcase classname="com.nextWave.MoviesAppTestCases.PopularPageTest" name="testPopularPageUI" time="1.139"/>
  <testcase classname="com.nextWave.MoviesAppTestCases.PopularPageTest" name="testCountOfPopularMovieImg" time="0.027"/>
</testsuite> <!-- PopularPageTest -->
