<?xml version="1.0" encoding="UTF-8"?>
<!-- Generated by org.testng.reporters.JUnitXMLReporter -->
<testsuite ignored="0" hostname="Tanu" failures="0" tests="2" name="SearchPageTest" time="23.904" errors="0" timestamp="2024-06-04T18:32:40 IST">
  <testcase classname="com.nextWave.MoviesAppTestCases.SearchPageTest" name="testSearchFunctionalityTest1" time="2.633"/>
  <testcase classname="com.nextWave.MoviesAppTestCases.SearchPageTest" name="testSearchFunctionalityTest2" time="1.153"/>
</testsuite> <!-- SearchPageTest -->
